<?xml version="1.0" encoding="UTF-8"?>
<testsuite xmlns:xsi="http://www.w3.org/2001/XMLSchema-instance" xsi:noNamespaceSchemaLocation="https://maven.apache.org/surefire/maven-surefire-plugin/xsd/surefire-test-report.xsd" version="3.0.2" name="com.wealth.mockapi.WealthPlatformMockApiApplicationTests" time="25.603" tests="1" errors="0" skipped="0" failures="0">
  <properties>
[...]
</properties>
  <testcase name="contextLoads" classname="com.wealth.mockapi.WealthPlatformMockApiApplicationTests" time="1.521">
    <system-out><![CDATA[19:25:45.703 [main] INFO org.springframework.test.context.support.AnnotationConfigContextLoaderUtils -- Could not detect default configuration classes for test class [com.wealth.mockapi.WealthPlatformMockApiApplicationTests]: WealthPlatformMockApiApplicationTests does not declare any static, non-private, non-final, nested classes annotated with @Configuration.
19:25:46.119 [main] INFO org.springframework.boot.test.context.SpringBootTestContextBootstrapper -- Found @SpringBootConfiguration com.wealth.mockapi.WealthPlatformMockApiApplication for test class com.wealth.mockapi.WealthPlatformMockApiApplicationTests

  .   ____          _            __ _ _
 /\\ / ___'_ __ _ _(_)_ __  __ _ \ \ \ \
( ( )\___ | '_ | '_| | '_ \/ _` | \ \ \ \
 \\/  ___)| |_)| | | | | || (_| |  ) ) ) )
  '  |____| .__|_| |_|_| |_\__, | / / / /
 =========|_|==============|___/=/_/_/_/

 :: Spring Boot ::                (v3.4.1)

2026-03-02T19:25:47.576Z  INFO 68077 --- [wealth-platform-mock-api] [           main] .m.WealthPlatformMockApiApplicationTests : Starting WealthPlatformMockApiApplicationTests using Java 19.0.2 with PID 68077 (started by twinsenlai in /Users/twinsenlai/Projects/git/wealth-platform-mock-api)
2026-03-02T19:25:47.580Z  INFO 68077 --- [wealth-platform-mock-api] [           main] .m.WealthPlatformMockApiApplicationTests : No active profile set, falling back to 1 default profile: "default"
2026-03-02T19:25:52.310Z  INFO 68077 --- [wealth-platform-mock-api] [           main] .s.d.r.c.RepositoryConfigurationDelegate : Bootstrapping Spring Data JPA repositories in DEFAULT mode.
2026-03-02T19:25:52.580Z  INFO 68077 --- [wealth-platform-mock-api] [           main] .s.d.r.c.RepositoryConfigurationDelegate : Finished Spring Data repository scanning in 218 ms. Found 4 JPA repository interfaces.
2026-03-02T19:25:55.041Z  INFO 68077 --- [wealth-platform-mock-api] [           main] o.hibernate.jpa.internal.util.LogHelper  : HHH000204: Processing PersistenceUnitInfo [name: default]
2026-03-02T19:25:55.251Z  INFO 68077 --- [wealth-platform-mock-api] [           main] org.hibernate.Version                    : HHH000412: Hibernate ORM core version 6.6.4.Final
2026-03-02T19:25:55.355Z  INFO 68077 --- [wealth-platform-mock-api] [           main] o.h.c.internal.RegionFactoryInitiator    : HHH000026: Second-level cache disabled
2026-03-02T19:25:56.264Z  INFO 68077 --- [wealth-platform-mock-api] [           main] o.s.o.j.p.SpringPersistenceUnitInfo      : No LoadTimeWeaver setup: ignoring JPA class transformer
2026-03-02T19:25:56.352Z  INFO 68077 --- [wealth-platform-mock-api] [           main] com.zaxxer.hikari.HikariDataSource       : HikariPool-1 - Starting...
2026-03-02T19:25:56.880Z  INFO 68077 --- [wealth-platform-mock-api] [           main] com.zaxxer.hikari.pool.HikariPool        : HikariPool-1 - Added connection conn0: url=jdbc:h2:mem:wealthdb user=SA
2026-03-02T19:25:56.886Z  INFO 68077 --- [wealth-platform-mock-api] [           main] com.zaxxer.hikari.HikariDataSource       : HikariPool-1 - Start completed.
2026-03-02T19:25:56.975Z  WARN 68077 --- [wealth-platform-mock-api] [           main] org.hibernate.orm.deprecation            : HHH90000025: H2Dialect does not need to be specified explicitly using 'hibernate.dialect' (remove the property setting and it will be selected by default)
2026-03-02T19:25:57.040Z  INFO 68077 --- [wealth-platform-mock-api] [           main] org.hibernate.orm.connections.pooling    : HHH10001005: Database info:
	Database JDBC URL [Connecting through datasource 'HikariDataSource (HikariPool-1)']
	Database driver: undefined/unknown
	Database version: 2.3.232
	Autocommit mode: undefined/unknown
	Isolation level: undefined/unknown
	Minimum pool size: undefined/unknown
	Maximum pool size: undefined/unknown
2026-03-02T19:26:00.851Z  INFO 68077 --- [wealth-platform-mock-api] [           main] o.h.e.t.j.p.i.JtaPlatformInitiator       : HHH000489: No JTA platform available (set 'hibernate.transaction.jta.platform' to enable JTA platform integration)
2026-03-02T19:26:00.982Z  INFO 68077 --- [wealth-platform-mock-api] [           main] j.LocalContainerEntityManagerFactoryBean : Initialized JPA EntityManagerFactory for persistence unit 'default'
2026-03-02T19:26:04.229Z  WARN 68077 --- [wealth-platform-mock-api] [           main] JpaBaseConfiguration$JpaWebConfiguration : spring.jpa.open-in-view is enabled by default. Therefore, database queries may be performed during view rendering. Explicitly configure spring.jpa.open-in-view to disable this warning
2026-03-02T19:26:07.625Z  INFO 68077 --- [wealth-platform-mock-api] [           main] o.s.b.a.h2.H2ConsoleAutoConfiguration    : H2 console available at '/h2-console'. Database available at 'jdbc:h2:mem:wealthdb'
2026-03-02T19:26:07.820Z  INFO 68077 --- [wealth-platform-mock-api] [           main] o.s.b.a.e.web.EndpointLinksResolver      : Exposing 2 endpoints beneath base path '/actuator'
2026-03-02T19:26:08.173Z  INFO 68077 --- [wealth-platform-mock-api] [           main] .m.WealthPlatformMockApiApplicationTests : Started WealthPlatformMockApiApplicationTests in 21.612 seconds (process running for 25.035)
2026-03-02T19:26:08.865Z  INFO 68077 --- [wealth-platform-mock-api] [           main] c.wealth.mockapi.config.DataInitializer  : Seeded 10 stock quotes
2026-03-02T19:26:08.917Z  INFO 68077 --- [wealth-platform-mock-api] [           main] c.wealth.mockapi.config.DataInitializer  : Seeded 10 portfolio holdings
2026-03-02T19:26:08.981Z  INFO 68077 --- [wealth-platform-mock-api] [           main] c.wealth.mockapi.config.DataInitializer  : Seeded 13 trade transactions
2026-03-02T19:26:09.070Z  INFO 68077 --- [wealth-platform-mock-api] [           main] c.wealth.mockapi.config.DataInitializer  : Seeded 18 trade orders
2026-03-02T19:26:09.071Z  INFO 68077 --- [wealth-platform-mock-api] [           main] c.wealth.mockapi.config.DataInitializer  : Mock data initialization complete.
]]></system-out>
  </testcase>
</testsuite>